2022-07-14 07:08:22.8706192 +0000 UTC m=+85.475682701 -  
2022-07-14 07:09:15.2932703 +0000 UTC m=+137.898384501 -  
2022-07-14 07:10:33.8272077 +0000 UTC m=+22.763714401 -  
2022-07-14 07:13:38.4475805 +0000 UTC m=+15.324127001 -  
2022-07-14 07:15:40.3617971 +0000 UTC m=+15.417265601 -  
2022-07-14 07:16:34.6159303 +0000 UTC m=+69.671425601 -  
2022-07-14 07:36:12.4393478 +0000 UTC m=+15.835991701 -  
2022-07-19 06:48:55.0610316 +0000 UTC m=+54.313970001 -  
2022-07-19 06:50:12.3526112 +0000 UTC m=+131.606026401 -  
2022-07-19 06:54:29.6876378 +0000 UTC m=+12.042303701 -  
2022-07-19 06:54:29.6922933 +0000 UTC m=+12.046959201 -  
2022-07-19 06:58:39.019901 +0000 UTC m=+261.374386301 -  
2022-07-19 06:58:50.0156216 +0000 UTC m=+272.370177301 -  
2022-07-19 07:05:18.9307933 +0000 UTC m=+51.740630301 - 123123123123 
2022-07-19 07:19:27.6193043 +0000 UTC m=+20.345806901 - записи считаны 
2022-07-19 08:07:29.832467 +0000 UTC m=+24.991628601 -  
2022-07-19 08:10:13.4698461 +0000 UTC m=+28.097220401 -  
2022-07-19 08:28:46.6112141 +0000 UTC m=+22.552786101 - записи считаны 
2022-07-19 08:34:07.414576 +0000 UTC m=+24.138802701 - [{1 2 82819 Bartell Valleys false} {2 2 6623 Okey Burgs false} {3 6 960 Wintheiser Lock false} {4 6 39369 Larson Brooks false} {5 6 946 Farrell Keys false} {6 5 94652 Alfonzo Ville false}] 
2022-09-08 08:52:53.2781132 +0000 UTC m=+25.590246301 - [{1 2 82819 Bartell Valleys false} {2 2 6623 Okey Burgs false} {3 6 960 Wintheiser Lock false} {4 6 39369 Larson Brooks false} {5 6 946 Farrell Keys false} {6 5 94652 Alfonzo Ville false} {7 7 01114 Cormier Branch false}] 
